  源.cpp
C:\Users\dosdiosas\Desktop\BST\BinTree.h(54): error C3861: “print”: 找不到标识符
C:\Users\dosdiosas\Desktop\BST\BinTree.h(54): message : “print”: 函数未在模板定义上下文中声明，只能通过实例化上下文中参数相关的查找找到
C:\Users\dosdiosas\Desktop\BST\BinTree.h(47): message : 在编译 类 模板 成员函数“void Cleaner<T>::clean(T)”时
          with
          [
              T=int
          ]
C:\Users\dosdiosas\Desktop\BST\BinTree.h(113): message : 查看对正在编译的函数 模板 实例化“void Cleaner<T>::clean(T)”的引用
          with
          [
              T=int
          ]
C:\Users\dosdiosas\Desktop\BST\BinTree.h(113): message : 查看对正在编译的 类 模板 实例化“Cleaner<T>”的引用
          with
          [
              T=int
          ]
C:\Users\dosdiosas\Desktop\BST\源.cpp(129): message : 查看对正在编译的函数 模板 实例化“void release<T>(T)”的引用
          with
          [
              T=int
          ]
C:\Users\dosdiosas\Desktop\BST\源.cpp(97): message : 查看对正在编译的函数 模板 实例化“BinNode<T> *removeAt<T>(BinNode<T> *&,BinNode<T> *&)”的引用
          with
          [
              T=int
          ]
C:\Users\dosdiosas\Desktop\BST\源.cpp(90): message : 在编译 类 模板 成员函数“bool BST<int>::remove(const T &)”时
          with
          [
              T=int
          ]
C:\Users\dosdiosas\Desktop\BST\源.cpp(180): message : 查看对正在编译的函数 模板 实例化“bool BST<int>::remove(const T &)”的引用
          with
          [
              T=int
          ]
C:\Users\dosdiosas\Desktop\BST\源.cpp(170): message : 查看对正在编译的 类 模板 实例化“BST<int>”的引用
